<?xml version="1.0" encoding="UTF-8"?>
<!-- Generated by org.testng.reporters.JUnitXMLReporter -->
<testsuite hostname="ivanar" ignored="3" name="Test" tests="9" failures="0" timestamp="2020-11-26T22:51:03 CET" time="0.043" errors="0">
  <testcase name="@BeforeSuite beforeClass" time="0.02" classname="tests.HomePageTests">
    <failure type="java.lang.NoClassDefFoundError" message="com/google/common/collect/ImmutableMap">
      <![CDATA[java.lang.NoClassDefFoundError: com/google/common/collect/ImmutableMap
at org.openqa.selenium.remote.service.DriverService$Builder.<init>(DriverService.java:259)
at org.openqa.selenium.chrome.ChromeDriverService$Builder.<init>(ChromeDriverService.java:101)
at org.openqa.selenium.chrome.ChromeDriverService.createDefaultService(ChromeDriverService.java:94)
at org.openqa.selenium.chrome.ChromeDriver.<init>(ChromeDriver.java:123)
at tests.HomePageTests.beforeClass(HomePageTests.java:19)
Caused by: java.lang.ClassNotFoundException: com.google.common.collect.ImmutableMap
at java.net.URLClassLoader.findClass(Unknown Source)
at java.lang.ClassLoader.loadClass(Unknown Source)
at sun.misc.Launcher$AppClassLoader.loadClass(Unknown Source)
at java.lang.ClassLoader.loadClass(Unknown Source)
... 24 more
... Removed 19 stack frames]]>
    </failure>
  </testcase> <!-- @BeforeSuite beforeClass -->
  <testcase name="@BeforeClass setUp" time="-1.606427463425E9" classname="tests.SummerDressesPageTests">
    <skipped/>
  </testcase> <!-- @BeforeClass setUp -->
  <testcase name="@BeforeClass beforeClass" time="-1.606427463428E9" classname="tests.BuyDressPageTests">
    <skipped/>
  </testcase> <!-- @BeforeClass beforeClass -->
  <testcase name="@BeforeClass beforeClass" time="-1.606427463431E9" classname="tests.ShoppingCartSummaryPageTests">
    <skipped/>
  </testcase> <!-- @BeforeClass beforeClass -->
  <testcase name="@BeforeClass beforeClass" time="-1.606427463435E9" classname="tests.AuthenticationRegistrationPageTests">
    <skipped/>
  </testcase> <!-- @BeforeClass beforeClass -->
  <testcase name="@BeforeClass beforeClass" time="-1.606427463438E9" classname="tests.CreateAnAccountPageTests">
    <skipped/>
  </testcase> <!-- @BeforeClass beforeClass -->
  <testcase name="verifySummerDressesHomePageW" time="0.0" classname="tests.HomePageTests">
    <skipped/>
  </testcase> <!-- verifySummerDressesHomePageW -->
  <testcase name="verifySummerDressesHomePageD" time="0.0" classname="tests.HomePageTests">
    <skipped/>
  </testcase> <!-- verifySummerDressesHomePageD -->
  <testcase name="verifySummerDressesHomePage" time="0.0" classname="tests.HomePageTests">
    <skipped/>
  </testcase> <!-- verifySummerDressesHomePage -->
  <testcase name="selectDressOne" time="0.0" classname="tests.SummerDressesPageTests">
    <skipped/>
  </testcase> <!-- selectDressOne -->
  <testcase name="buyDressOne" time="0.0" classname="tests.BuyDressPageTests">
    <skipped/>
  </testcase> <!-- buyDressOne -->
  <testcase name="verifyShoppingCartSummary" time="0.0" classname="tests.ShoppingCartSummaryPageTests">
    <skipped/>
  </testcase> <!-- verifyShoppingCartSummary -->
  <testcase name="verifyProceedAndSignUp" time="0.0" classname="tests.ShoppingCartSummaryPageTests">
    <skipped/>
  </testcase> <!-- verifyProceedAndSignUp -->
  <testcase name="createNewAccount" time="0.0" classname="tests.AuthenticationRegistrationPageTests">
    <skipped/>
  </testcase> <!-- createNewAccount -->
  <testcase name="registerOneNewUser" time="0.0" classname="tests.CreateAnAccountPageTests">
    <skipped/>
  </testcase> <!-- registerOneNewUser -->
  <testcase name="logInNonExistingUser" time="0.0" classname="tests.AuthenticationRegistrationPageTests">
    <ignored/>
  </testcase> <!-- logInNonExistingUser -->
  <testcase name="logInWithWrongPassword" time="0.0" classname="tests.AuthenticationRegistrationPageTests">
    <ignored/>
  </testcase> <!-- logInWithWrongPassword -->
  <testcase name="logInExistingUser" time="0.0" classname="tests.AuthenticationRegistrationPageTests">
    <ignored/>
  </testcase> <!-- logInExistingUser -->
</testsuite> <!-- Test -->
